Performing C SOURCE FILE Test CMAKE_HAVE_LIBC_PTHREAD failed with the following output:
Change Dir: /home/foxers/CLionProjects/adv_cpp_homework_2/cmake-build-debug/CMakeFiles/CMakeTmp

Run Build Command(s):make cmTC_24d9f/fast && make  -f CMakeFiles/cmTC_24d9f.dir/build.make CMakeFiles/cmTC_24d9f.dir/build
make[1]: вход в каталог «/home/foxers/CLionProjects/adv_cpp_homework_2/cmake-build-debug/CMakeFiles/CMakeTmp»
Building C object CMakeFiles/cmTC_24d9f.dir/src.c.o
/usr/bin/gcc   -DCMAKE_HAVE_LIBC_PTHREAD   -std=gnu11 -o CMakeFiles/cmTC_24d9f.dir/src.c.o   -c /home/foxers/CLionProjects/adv_cpp_homework_2/cmake-build-debug/CMakeFiles/CMakeTmp/src.c
Linking C executable cmTC_24d9f
/snap/clion/129/bin/cmake/linux/bin/cmake -E cmake_link_script CMakeFiles/cmTC_24d9f.dir/link.txt --verbose=1
/usr/bin/gcc  -DCMAKE_HAVE_LIBC_PTHREAD    CMakeFiles/cmTC_24d9f.dir/src.c.o  -o cmTC_24d9f 
/usr/bin/ld: CMakeFiles/cmTC_24d9f.dir/src.c.o: in function `main':
src.c:(.text+0x2f): undefined reference to `pthread_create'
/usr/bin/ld: src.c:(.text+0x3b): undefined reference to `pthread_detach'
/usr/bin/ld: src.c:(.text+0x47): undefined reference to `pthread_cancel'
/usr/bin/ld: src.c:(.text+0x58): undefined reference to `pthread_join'
collect2: error: ld returned 1 exit status
make[1]: *** [CMakeFiles/cmTC_24d9f.dir/build.make:107: cmTC_24d9f] Ошибка 1
make[1]: выход из каталога «/home/foxers/CLionProjects/adv_cpp_homework_2/cmake-build-debug/CMakeFiles/CMakeTmp»
make: *** [Makefile:141: cmTC_24d9f/fast] Ошибка 2


Source file was:
#include <pthread.h>

void* test_func(void* data)
{
  return data;
}

int main(void)
{
  pthread_t thread;
  pthread_create(&thread, NULL, test_func, NULL);
  pthread_detach(thread);
  pthread_cancel(thread);
  pthread_join(thread, NULL);
  pthread_atfork(NULL, NULL, NULL);
  pthread_exit(NULL);

  return 0;
}

